  Game.cpp
C:\Users\b1213\c++\HakuensaiLauncher\Game.cpp(266,43): warning C4267: '=': 'size_t' から 'int' に変換しました。データが失われているかもしれません。
C:\Users\b1213\c++\HakuensaiLauncher\Game.cpp(271,44): warning C4267: '=': 'size_t' から 'int' に変換しました。データが失われているかもしれません。
C:\Users\b1213\c++\HakuensaiLauncher\Game.cpp(289,45): warning C4267: '=': 'size_t' から 'int' に変換しました。データが失われているかもしれません。
C:\Users\b1213\c++\HakuensaiLauncher\Game.cpp(502,43): warning C4267: '=': 'size_t' から 'int' に変換しました。データが失われているかもしれません。
C:\Users\b1213\c++\HakuensaiLauncher\Game.cpp(506,44): warning C4267: '=': 'size_t' から 'int' に変換しました。データが失われているかもしれません。
C:\Users\b1213\c++\HakuensaiLauncher\Game.cpp(523,45): warning C4267: '=': 'size_t' から 'int' に変換しました。データが失われているかもしれません。
C:\Users\b1213\c++\HakuensaiLauncher\Game.cpp(530,46): warning C4267: '=': 'size_t' から 'int' に変換しました。データが失われているかもしれません。
C:\Users\b1213\c++\HakuensaiLauncher\Game.cpp(537,47): warning C4267: '=': 'size_t' から 'int' に変換しました。データが失われているかもしれません。
C:\Users\b1213\c++\HakuensaiLauncher\Game.cpp(545,49): warning C4267: '=': 'size_t' から 'int' に変換しました。データが失われているかもしれません。
C:\Users\b1213\c++\HakuensaiLauncher\Game.cpp(557,51): warning C4267: '=': 'size_t' から 'int' に変換しました。データが失われているかもしれません。
C:\Users\b1213\c++\HakuensaiLauncher\Game.cpp(636,43): warning C4267: '=': 'size_t' から 'int' に変換しました。データが失われているかもしれません。
C:\Users\b1213\c++\HakuensaiLauncher\Game.cpp(640,44): warning C4267: '=': 'size_t' から 'int' に変換しました。データが失われているかもしれません。
C:\Users\b1213\c++\HakuensaiLauncher\Game.cpp(657,45): warning C4267: '=': 'size_t' から 'int' に変換しました。データが失われているかもしれません。
C:\Users\b1213\c++\HakuensaiLauncher\Game.cpp(664,46): warning C4267: '=': 'size_t' から 'int' に変換しました。データが失われているかもしれません。
C:\Users\b1213\c++\HakuensaiLauncher\Game.cpp(671,47): warning C4267: '=': 'size_t' から 'int' に変換しました。データが失われているかもしれません。
C:\Users\b1213\c++\HakuensaiLauncher\Game.cpp(679,49): warning C4267: '=': 'size_t' から 'int' に変換しました。データが失われているかもしれません。
C:\Users\b1213\c++\HakuensaiLauncher\Game.cpp(691,51): warning C4267: '=': 'size_t' から 'int' に変換しました。データが失われているかもしれません。
C:\Users\b1213\c++\HakuensaiLauncher\Game.cpp(771,43): warning C4267: '=': 'size_t' から 'int' に変換しました。データが失われているかもしれません。
C:\Users\b1213\c++\HakuensaiLauncher\Game.cpp(775,44): warning C4267: '=': 'size_t' から 'int' に変換しました。データが失われているかもしれません。
C:\Users\b1213\c++\HakuensaiLauncher\Game.cpp(792,45): warning C4267: '=': 'size_t' から 'int' に変換しました。データが失われているかもしれません。
C:\Users\b1213\c++\HakuensaiLauncher\Game.cpp(799,46): warning C4267: '=': 'size_t' から 'int' に変換しました。データが失われているかもしれません。
C:\Users\b1213\c++\HakuensaiLauncher\Game.cpp(806,47): warning C4267: '=': 'size_t' から 'int' に変換しました。データが失われているかもしれません。
C:\Users\b1213\c++\HakuensaiLauncher\Game.cpp(814,49): warning C4267: '=': 'size_t' から 'int' に変換しました。データが失われているかもしれません。
C:\Users\b1213\c++\HakuensaiLauncher\Game.cpp(826,51): warning C4267: '=': 'size_t' から 'int' に変換しました。データが失われているかもしれません。
C:\Users\b1213\c++\HakuensaiLauncher\Game.cpp(905,43): warning C4267: '=': 'size_t' から 'int' に変換しました。データが失われているかもしれません。
C:\Users\b1213\c++\HakuensaiLauncher\Game.cpp(909,44): warning C4267: '=': 'size_t' から 'int' に変換しました。データが失われているかもしれません。
C:\Users\b1213\c++\HakuensaiLauncher\Game.cpp(926,45): warning C4267: '=': 'size_t' から 'int' に変換しました。データが失われているかもしれません。
C:\Users\b1213\c++\HakuensaiLauncher\Game.cpp(933,46): warning C4267: '=': 'size_t' から 'int' に変換しました。データが失われているかもしれません。
C:\Users\b1213\c++\HakuensaiLauncher\Game.cpp(940,47): warning C4267: '=': 'size_t' から 'int' に変換しました。データが失われているかもしれません。
C:\Users\b1213\c++\HakuensaiLauncher\Game.cpp(948,49): warning C4267: '=': 'size_t' から 'int' に変換しました。データが失われているかもしれません。
C:\Users\b1213\c++\HakuensaiLauncher\Game.cpp(960,51): warning C4267: '=': 'size_t' から 'int' に変換しました。データが失われているかもしれません。
C:\Users\b1213\c++\HakuensaiLauncher\Game.cpp(1039,43): warning C4267: '=': 'size_t' から 'int' に変換しました。データが失われているかもしれません。
C:\Users\b1213\c++\HakuensaiLauncher\Game.cpp(1043,44): warning C4267: '=': 'size_t' から 'int' に変換しました。データが失われているかもしれません。
C:\Users\b1213\c++\HakuensaiLauncher\Game.cpp(1060,45): warning C4267: '=': 'size_t' から 'int' に変換しました。データが失われているかもしれません。
C:\Users\b1213\c++\HakuensaiLauncher\Game.cpp(1067,46): warning C4267: '=': 'size_t' から 'int' に変換しました。データが失われているかもしれません。
C:\Users\b1213\c++\HakuensaiLauncher\Game.cpp(1074,47): warning C4267: '=': 'size_t' から 'int' に変換しました。データが失われているかもしれません。
C:\Users\b1213\c++\HakuensaiLauncher\Game.cpp(1082,49): warning C4267: '=': 'size_t' から 'int' に変換しました。データが失われているかもしれません。
C:\Users\b1213\c++\HakuensaiLauncher\Game.cpp(1094,51): warning C4267: '=': 'size_t' から 'int' に変換しました。データが失われているかもしれません。
C:\Users\b1213\c++\HakuensaiLauncher\Game.cpp(1173,43): warning C4267: '=': 'size_t' から 'int' に変換しました。データが失われているかもしれません。
C:\Users\b1213\c++\HakuensaiLauncher\Game.cpp(1177,44): warning C4267: '=': 'size_t' から 'int' に変換しました。データが失われているかもしれません。
C:\Users\b1213\c++\HakuensaiLauncher\Game.cpp(1194,45): warning C4267: '=': 'size_t' から 'int' に変換しました。データが失われているかもしれません。
C:\Users\b1213\c++\HakuensaiLauncher\Game.cpp(1201,46): warning C4267: '=': 'size_t' から 'int' に変換しました。データが失われているかもしれません。
C:\Users\b1213\c++\HakuensaiLauncher\Game.cpp(1208,47): warning C4267: '=': 'size_t' から 'int' に変換しました。データが失われているかもしれません。
C:\Users\b1213\c++\HakuensaiLauncher\Game.cpp(1216,49): warning C4267: '=': 'size_t' から 'int' に変換しました。データが失われているかもしれません。
C:\Users\b1213\c++\HakuensaiLauncher\Game.cpp(1228,51): warning C4267: '=': 'size_t' から 'int' に変換しました。データが失われているかもしれません。
C:\Users\b1213\c++\HakuensaiLauncher\Game.cpp(1307,43): warning C4267: '=': 'size_t' から 'int' に変換しました。データが失われているかもしれません。
C:\Users\b1213\c++\HakuensaiLauncher\Game.cpp(1311,44): warning C4267: '=': 'size_t' から 'int' に変換しました。データが失われているかもしれません。
C:\Users\b1213\c++\HakuensaiLauncher\Game.cpp(1328,45): warning C4267: '=': 'size_t' から 'int' に変換しました。データが失われているかもしれません。
C:\Users\b1213\c++\HakuensaiLauncher\Game.cpp(1335,46): warning C4267: '=': 'size_t' から 'int' に変換しました。データが失われているかもしれません。
C:\Users\b1213\c++\HakuensaiLauncher\Game.cpp(1342,47): warning C4267: '=': 'size_t' から 'int' に変換しました。データが失われているかもしれません。
C:\Users\b1213\c++\HakuensaiLauncher\Game.cpp(1350,49): warning C4267: '=': 'size_t' から 'int' に変換しました。データが失われているかもしれません。
C:\Users\b1213\c++\HakuensaiLauncher\Game.cpp(1362,51): warning C4267: '=': 'size_t' から 'int' に変換しました。データが失われているかもしれません。
C:\Users\b1213\c++\HakuensaiLauncher\Game.cpp(1479,18): warning C4552: '>=': 式の結果が使用されていません
C:\Users\b1213\c++\HakuensaiLauncher\Game.cpp(348,8): warning C4101: 'exitcode': ローカル変数は 1 度も使われていません。
C:\Users\b1213\c++\HakuensaiLauncher\Game.cpp(338,8): warning C4101: 'exitCode': ローカル変数は 1 度も使われていません。
  コード生成しています。
  1 of 205 functions ( 0.5%) were compiled, the rest were copied from previous compilation.
    0 functions were new in current compilation
    0 functions had inline decision re-evaluated but remain unchanged
  コード生成が終了しました。
  HakuensaiLauncher.vcxproj -> C:\Users\b1213\c++\HakuensaiLauncher\x64\Release\HakuensaiLauncher.exe
