  Game.cpp
C:\Users\b1213\c++\HakuensaiLauncher\Game.cpp(266,43): warning C4267: '=': 'size_t' から 'int' に変換しました。データが失われているかもしれません。
C:\Users\b1213\c++\HakuensaiLauncher\Game.cpp(271,44): warning C4267: '=': 'size_t' から 'int' に変換しました。データが失われているかもしれません。
C:\Users\b1213\c++\HakuensaiLauncher\Game.cpp(289,45): warning C4267: '=': 'size_t' から 'int' に変換しました。データが失われているかもしれません。
C:\Users\b1213\c++\HakuensaiLauncher\Game.cpp(498,43): warning C4267: '=': 'size_t' から 'int' に変換しました。データが失われているかもしれません。
C:\Users\b1213\c++\HakuensaiLauncher\Game.cpp(502,44): warning C4267: '=': 'size_t' から 'int' に変換しました。データが失われているかもしれません。
C:\Users\b1213\c++\HakuensaiLauncher\Game.cpp(519,45): warning C4267: '=': 'size_t' から 'int' に変換しました。データが失われているかもしれません。
C:\Users\b1213\c++\HakuensaiLauncher\Game.cpp(526,46): warning C4267: '=': 'size_t' から 'int' に変換しました。データが失われているかもしれません。
C:\Users\b1213\c++\HakuensaiLauncher\Game.cpp(533,47): warning C4267: '=': 'size_t' から 'int' に変換しました。データが失われているかもしれません。
C:\Users\b1213\c++\HakuensaiLauncher\Game.cpp(541,49): warning C4267: '=': 'size_t' から 'int' に変換しました。データが失われているかもしれません。
C:\Users\b1213\c++\HakuensaiLauncher\Game.cpp(553,51): warning C4267: '=': 'size_t' から 'int' に変換しました。データが失われているかもしれません。
C:\Users\b1213\c++\HakuensaiLauncher\Game.cpp(632,43): warning C4267: '=': 'size_t' から 'int' に変換しました。データが失われているかもしれません。
C:\Users\b1213\c++\HakuensaiLauncher\Game.cpp(636,44): warning C4267: '=': 'size_t' から 'int' に変換しました。データが失われているかもしれません。
C:\Users\b1213\c++\HakuensaiLauncher\Game.cpp(653,45): warning C4267: '=': 'size_t' から 'int' に変換しました。データが失われているかもしれません。
C:\Users\b1213\c++\HakuensaiLauncher\Game.cpp(660,46): warning C4267: '=': 'size_t' から 'int' に変換しました。データが失われているかもしれません。
C:\Users\b1213\c++\HakuensaiLauncher\Game.cpp(667,47): warning C4267: '=': 'size_t' から 'int' に変換しました。データが失われているかもしれません。
C:\Users\b1213\c++\HakuensaiLauncher\Game.cpp(675,49): warning C4267: '=': 'size_t' から 'int' に変換しました。データが失われているかもしれません。
C:\Users\b1213\c++\HakuensaiLauncher\Game.cpp(687,51): warning C4267: '=': 'size_t' から 'int' に変換しました。データが失われているかもしれません。
C:\Users\b1213\c++\HakuensaiLauncher\Game.cpp(767,43): warning C4267: '=': 'size_t' から 'int' に変換しました。データが失われているかもしれません。
C:\Users\b1213\c++\HakuensaiLauncher\Game.cpp(771,44): warning C4267: '=': 'size_t' から 'int' に変換しました。データが失われているかもしれません。
C:\Users\b1213\c++\HakuensaiLauncher\Game.cpp(788,45): warning C4267: '=': 'size_t' から 'int' に変換しました。データが失われているかもしれません。
C:\Users\b1213\c++\HakuensaiLauncher\Game.cpp(795,46): warning C4267: '=': 'size_t' から 'int' に変換しました。データが失われているかもしれません。
C:\Users\b1213\c++\HakuensaiLauncher\Game.cpp(802,47): warning C4267: '=': 'size_t' から 'int' に変換しました。データが失われているかもしれません。
C:\Users\b1213\c++\HakuensaiLauncher\Game.cpp(810,49): warning C4267: '=': 'size_t' から 'int' に変換しました。データが失われているかもしれません。
C:\Users\b1213\c++\HakuensaiLauncher\Game.cpp(822,51): warning C4267: '=': 'size_t' から 'int' に変換しました。データが失われているかもしれません。
C:\Users\b1213\c++\HakuensaiLauncher\Game.cpp(901,43): warning C4267: '=': 'size_t' から 'int' に変換しました。データが失われているかもしれません。
C:\Users\b1213\c++\HakuensaiLauncher\Game.cpp(905,44): warning C4267: '=': 'size_t' から 'int' に変換しました。データが失われているかもしれません。
C:\Users\b1213\c++\HakuensaiLauncher\Game.cpp(922,45): warning C4267: '=': 'size_t' から 'int' に変換しました。データが失われているかもしれません。
C:\Users\b1213\c++\HakuensaiLauncher\Game.cpp(929,46): warning C4267: '=': 'size_t' から 'int' に変換しました。データが失われているかもしれません。
C:\Users\b1213\c++\HakuensaiLauncher\Game.cpp(936,47): warning C4267: '=': 'size_t' から 'int' に変換しました。データが失われているかもしれません。
C:\Users\b1213\c++\HakuensaiLauncher\Game.cpp(944,49): warning C4267: '=': 'size_t' から 'int' に変換しました。データが失われているかもしれません。
C:\Users\b1213\c++\HakuensaiLauncher\Game.cpp(956,51): warning C4267: '=': 'size_t' から 'int' に変換しました。データが失われているかもしれません。
C:\Users\b1213\c++\HakuensaiLauncher\Game.cpp(1035,43): warning C4267: '=': 'size_t' から 'int' に変換しました。データが失われているかもしれません。
C:\Users\b1213\c++\HakuensaiLauncher\Game.cpp(1039,44): warning C4267: '=': 'size_t' から 'int' に変換しました。データが失われているかもしれません。
C:\Users\b1213\c++\HakuensaiLauncher\Game.cpp(1056,45): warning C4267: '=': 'size_t' から 'int' に変換しました。データが失われているかもしれません。
C:\Users\b1213\c++\HakuensaiLauncher\Game.cpp(1063,46): warning C4267: '=': 'size_t' から 'int' に変換しました。データが失われているかもしれません。
C:\Users\b1213\c++\HakuensaiLauncher\Game.cpp(1070,47): warning C4267: '=': 'size_t' から 'int' に変換しました。データが失われているかもしれません。
C:\Users\b1213\c++\HakuensaiLauncher\Game.cpp(1078,49): warning C4267: '=': 'size_t' から 'int' に変換しました。データが失われているかもしれません。
C:\Users\b1213\c++\HakuensaiLauncher\Game.cpp(1090,51): warning C4267: '=': 'size_t' から 'int' に変換しました。データが失われているかもしれません。
C:\Users\b1213\c++\HakuensaiLauncher\Game.cpp(1169,43): warning C4267: '=': 'size_t' から 'int' に変換しました。データが失われているかもしれません。
C:\Users\b1213\c++\HakuensaiLauncher\Game.cpp(1173,44): warning C4267: '=': 'size_t' から 'int' に変換しました。データが失われているかもしれません。
C:\Users\b1213\c++\HakuensaiLauncher\Game.cpp(1190,45): warning C4267: '=': 'size_t' から 'int' に変換しました。データが失われているかもしれません。
C:\Users\b1213\c++\HakuensaiLauncher\Game.cpp(1197,46): warning C4267: '=': 'size_t' から 'int' に変換しました。データが失われているかもしれません。
C:\Users\b1213\c++\HakuensaiLauncher\Game.cpp(1204,47): warning C4267: '=': 'size_t' から 'int' に変換しました。データが失われているかもしれません。
C:\Users\b1213\c++\HakuensaiLauncher\Game.cpp(1212,49): warning C4267: '=': 'size_t' から 'int' に変換しました。データが失われているかもしれません。
C:\Users\b1213\c++\HakuensaiLauncher\Game.cpp(1224,51): warning C4267: '=': 'size_t' から 'int' に変換しました。データが失われているかもしれません。
C:\Users\b1213\c++\HakuensaiLauncher\Game.cpp(1303,43): warning C4267: '=': 'size_t' から 'int' に変換しました。データが失われているかもしれません。
C:\Users\b1213\c++\HakuensaiLauncher\Game.cpp(1307,44): warning C4267: '=': 'size_t' から 'int' に変換しました。データが失われているかもしれません。
C:\Users\b1213\c++\HakuensaiLauncher\Game.cpp(1324,45): warning C4267: '=': 'size_t' から 'int' に変換しました。データが失われているかもしれません。
C:\Users\b1213\c++\HakuensaiLauncher\Game.cpp(1331,46): warning C4267: '=': 'size_t' から 'int' に変換しました。データが失われているかもしれません。
C:\Users\b1213\c++\HakuensaiLauncher\Game.cpp(1338,47): warning C4267: '=': 'size_t' から 'int' に変換しました。データが失われているかもしれません。
C:\Users\b1213\c++\HakuensaiLauncher\Game.cpp(1346,49): warning C4267: '=': 'size_t' から 'int' に変換しました。データが失われているかもしれません。
C:\Users\b1213\c++\HakuensaiLauncher\Game.cpp(1358,51): warning C4267: '=': 'size_t' から 'int' に変換しました。データが失われているかもしれません。
C:\Users\b1213\c++\HakuensaiLauncher\Game.cpp(1475,18): warning C4552: '>=': 式の結果が使用されていません
C:\Users\b1213\c++\HakuensaiLauncher\Game.cpp(348,8): warning C4101: 'exitcode': ローカル変数は 1 度も使われていません。
C:\Users\b1213\c++\HakuensaiLauncher\Game.cpp(338,8): warning C4101: 'exitCode': ローカル変数は 1 度も使われていません。
  HakuensaiLauncher.vcxproj -> C:\Users\b1213\c++\HakuensaiLauncher\x64\Debug\HakuensaiLauncher.exe
